This file contains any messages produced by compilers while
running configure, to aid debugging if configure makes a mistake.

It was created by libconfini configure 1.16.0, which was
generated by GNU Autoconf 2.69.  Invocation command line was

  $ ./configure --disable-doc --disable-examples --includedir=/home/laurine/Documents/IMAC2/OpenGL/IMAC-OpenGL-3D/lib/confini/../../include --libdir=/home/laurine/Documents/IMAC2/OpenGL/IMAC-OpenGL-3D/lib/confini --docdir=/home/laurine/Documents/IMAC2/OpenGL/IMAC-OpenGL-3D/lib/confini/etc

## --------- ##
## Platform. ##
## --------- ##

hostname = totoro
uname -m = x86_64
uname -r = 5.4.0-58-generic
uname -s = Linux
uname -v = #64~18.04.1-Ubuntu SMP Wed Dec 9 17:11:11 UTC 2020

/usr/bin/uname -p = unknown
/bin/uname -X     = unknown

/bin/arch              = unknown
/usr/bin/arch -k       = unknown
/usr/convex/getsysinfo = unknown
/usr/bin/hostinfo      = unknown
/bin/machine           = unknown
/usr/bin/oslevel       = unknown
/bin/universe          = unknown

PATH: /home/laurine/anaconda3/condabin
PATH: ~/bin
PATH: /home/laurine/bin
PATH: /usr/local/sbin
PATH: /usr/local/bin
PATH: /usr/sbin
PATH: /usr/bin
PATH: /sbin
PATH: /bin
PATH: /usr/games
PATH: /usr/local/games
PATH: /snap/bin


## ----------- ##
## Core tests. ##
## ----------- ##

configure:2470: checking whether ln -s works
configure:2474: result: yes
configure:2481: checking for a sed that does not truncate output
configure:2545: result: /bin/sed
configure:2782: checking for a BSD-compatible install
configure:2850: result: /usr/bin/install -c
configure:2861: checking whether build environment is sane
configure:2916: result: yes
configure:3067: checking for a thread-safe mkdir -p
configure:3106: result: /bin/mkdir -p
configure:3113: checking for gawk
configure:3143: result: no
configure:3113: checking for mawk
configure:3129: found /usr/bin/mawk
configure:3140: result: mawk
configure:3151: checking whether make sets $(MAKE)
configure:3173: result: yes
configure:3202: checking whether make supports nested variables
configure:3219: result: yes
configure:3379: checking whether to enable maintainer-specific portions of Makefiles
configure:3388: result: yes
configure:3413: checking whether make supports nested variables
configure:3430: result: yes
configure:3446: checking build system type
configure:3460: result: x86_64-pc-linux-gnu
configure:3480: checking host system type
configure:3493: result: x86_64-pc-linux-gnu
configure:3533: checking for style of include used by make
configure:3561: result: GNU
configure:3632: checking for gcc
configure:3648: found /usr/bin/gcc
configure:3659: result: gcc
configure:3888: checking for C compiler version
configure:3897: gcc --version >&5
gcc (Ubuntu 7.5.0-3ubuntu1~18.04) 7.5.0
Copyright (C) 2017 Free Software Foundation, Inc.
This is free software; see the source for copying conditions.  There is NO
warranty; not even for MERCHANTABILITY or FITNESS FOR A PARTICULAR PURPOSE.

configure:3908: $? = 0
configure:3897: gcc -v >&5
Using built-in specs.
COLLECT_GCC=gcc
COLLECT_LTO_WRAPPER=/usr/lib/gcc/x86_64-linux-gnu/7/lto-wrapper
OFFLOAD_TARGET_NAMES=nvptx-none
OFFLOAD_TARGET_DEFAULT=1
Target: x86_64-linux-gnu
Configured with: ../src/configure -v --with-pkgversion='Ubuntu 7.5.0-3ubuntu1~18.04' --with-bugurl=file:///usr/share/doc/gcc-7/README.Bugs --enable-languages=c,ada,c++,go,brig,d,fortran,objc,obj-c++ --prefix=/usr --with-gcc-major-version-only --program-suffix=-7 --program-prefix=x86_64-linux-gnu- --enable-shared --enable-linker-build-id --libexecdir=/usr/lib --without-included-gettext --enable-threads=posix --libdir=/usr/lib --enable-nls --enable-bootstrap --enable-clocale=gnu --enable-libstdcxx-debug --enable-libstdcxx-time=yes --with-default-libstdcxx-abi=new --enable-gnu-unique-object --disable-vtable-verify --enable-libmpx --enable-plugin --enable-default-pie --with-system-zlib --with-target-system-zlib --enable-objc-gc=auto --enable-multiarch --disable-werror --with-arch-32=i686 --with-abi=m64 --with-multilib-list=m32,m64,mx32 --enable-multilib --with-tune=generic --enable-offload-targets=nvptx-none --without-cuda-driver --enable-checking=release --build=x86_64-linux-gnu --host=x86_64-linux-gnu --target=x86_64-linux-gnu
Thread model: posix
gcc version 7.5.0 (Ubuntu 7.5.0-3ubuntu1~18.04) 
configure:3908: $? = 0
configure:3897: gcc -V >&5
gcc: error: unrecognized command line option '-V'
gcc: fatal error: no input files
compilation terminated.
configure:3908: $? = 1
configure:3897: gcc -qversion >&5
gcc: error: unrecognized command line option '-qversion'; did you mean '--version'?
gcc: fatal error: no input files
compilation terminated.
configure:3908: $? = 1
configure:3928: checking whether the C compiler works
configure:3950: gcc    conftest.c  >&5
configure:3954: $? = 0
configure:4002: result: yes
configure:4005: checking for C compiler default output file name
configure:4007: result: a.out
configure:4013: checking for suffix of executables
configure:4020: gcc -o conftest    conftest.c  >&5
configure:4024: $? = 0
configure:4046: result: 
configure:4068: checking whether we are cross compiling
configure:4076: gcc -o conftest    conftest.c  >&5
configure:4080: $? = 0
configure:4087: ./conftest
configure:4091: $? = 0
configure:4106: result: no
configure:4111: checking for suffix of object files
configure:4133: gcc -c   conftest.c >&5
configure:4137: $? = 0
configure:4158: result: o
configure:4162: checking whether we are using the GNU C compiler
configure:4181: gcc -c   conftest.c >&5
configure:4181: $? = 0
configure:4190: result: yes
configure:4199: checking whether gcc accepts -g
configure:4219: gcc -c -g  conftest.c >&5
configure:4219: $? = 0
configure:4260: result: yes
configure:4277: checking for gcc option to accept ISO C89
configure:4340: gcc  -c -g -O2  conftest.c >&5
configure:4340: $? = 0
configure:4353: result: none needed
configure:4378: checking whether gcc understands -c and -o together
configure:4400: gcc -c conftest.c -o conftest2.o
configure:4403: $? = 0
configure:4400: gcc -c conftest.c -o conftest2.o
configure:4403: $? = 0
configure:4415: result: yes
configure:4434: checking dependency style of gcc
configure:4545: result: gcc3
configure:4560: checking for gcc option to accept ISO C99
configure:4709: gcc  -c -g -O2  conftest.c >&5
configure:4709: $? = 0
configure:4722: result: none needed
configure:4739: checking for inline
configure:4755: gcc -c -g -O2  conftest.c >&5
configure:4755: $? = 0
configure:4763: result: inline
configure:4787: checking how to run the C preprocessor
configure:4818: gcc -E  conftest.c
configure:4818: $? = 0
configure:4832: gcc -E  conftest.c
conftest.c:11:10: fatal error: ac_nonexistent.h: No such file or directory
 #include <ac_nonexistent.h>
          ^~~~~~~~~~~~~~~~~~
compilation terminated.
configure:4832: $? = 1
configure: failed program was:
| /* confdefs.h */
| #define PACKAGE_NAME "libconfini"
| #define PACKAGE_TARNAME "libconfini"
| #define PACKAGE_VERSION "1.16.0"
| #define PACKAGE_STRING "libconfini 1.16.0"
| #define PACKAGE_BUGREPORT "madmurphy333@gmail.com"
| #define PACKAGE_URL "https://madmurphy.github.io/libconfini"
| #define PACKAGE "libconfini"
| #define VERSION "1.16.0"
| /* end confdefs.h.  */
| #include <ac_nonexistent.h>
configure:4857: result: gcc -E
configure:4877: gcc -E  conftest.c
configure:4877: $? = 0
configure:4891: gcc -E  conftest.c
conftest.c:11:10: fatal error: ac_nonexistent.h: No such file or directory
 #include <ac_nonexistent.h>
          ^~~~~~~~~~~~~~~~~~
compilation terminated.
configure:4891: $? = 1
configure: failed program was:
| /* confdefs.h */
| #define PACKAGE_NAME "libconfini"
| #define PACKAGE_TARNAME "libconfini"
| #define PACKAGE_VERSION "1.16.0"
| #define PACKAGE_STRING "libconfini 1.16.0"
| #define PACKAGE_BUGREPORT "madmurphy333@gmail.com"
| #define PACKAGE_URL "https://madmurphy.github.io/libconfini"
| #define PACKAGE "libconfini"
| #define VERSION "1.16.0"
| /* end confdefs.h.  */
| #include <ac_nonexistent.h>
configure:4920: checking for grep that handles long lines and -e
configure:4978: result: /bin/grep
configure:4983: checking for egrep
configure:5045: result: /bin/grep -E
configure:5050: checking for ANSI C header files
configure:5070: gcc -c -g -O2  conftest.c >&5
configure:5070: $? = 0
configure:5143: gcc -o conftest -g -O2   conftest.c  >&5
configure:5143: $? = 0
configure:5143: ./conftest
configure:5143: $? = 0
configure:5154: result: yes
configure:5167: checking for sys/types.h
configure:5167: gcc -c -g -O2  conftest.c >&5
configure:5167: $? = 0
configure:5167: result: yes
configure:5167: checking for sys/stat.h
configure:5167: gcc -c -g -O2  conftest.c >&5
configure:5167: $? = 0
configure:5167: result: yes
configure:5167: checking for stdlib.h
configure:5167: gcc -c -g -O2  conftest.c >&5
configure:5167: $? = 0
configure:5167: result: yes
configure:5167: checking for string.h
configure:5167: gcc -c -g -O2  conftest.c >&5
configure:5167: $? = 0
configure:5167: result: yes
configure:5167: checking for memory.h
configure:5167: gcc -c -g -O2  conftest.c >&5
configure:5167: $? = 0
configure:5167: result: yes
configure:5167: checking for strings.h
configure:5167: gcc -c -g -O2  conftest.c >&5
configure:5167: $? = 0
configure:5167: result: yes
configure:5167: checking for inttypes.h
configure:5167: gcc -c -g -O2  conftest.c >&5
configure:5167: $? = 0
configure:5167: result: yes
configure:5167: checking for stdint.h
configure:5167: gcc -c -g -O2  conftest.c >&5
configure:5167: $? = 0
configure:5167: result: yes
configure:5167: checking for unistd.h
configure:5167: gcc -c -g -O2  conftest.c >&5
configure:5167: $? = 0
configure:5167: result: yes
configure:5179: checking for stdbool.h that conforms to C99
configure:5246: gcc -c -g -O2  conftest.c >&5
configure:5246: $? = 0
configure:5253: result: yes
configure:5255: checking for _Bool
configure:5255: gcc -c -g -O2  conftest.c >&5
configure:5255: $? = 0
configure:5255: gcc -c -g -O2  conftest.c >&5
conftest.c: In function 'main':
conftest.c:57:20: error: expected expression before ')' token
 if (sizeof ((_Bool)))
                    ^
configure:5255: $? = 1
configure: failed program was:
| /* confdefs.h */
| #define PACKAGE_NAME "libconfini"
| #define PACKAGE_TARNAME "libconfini"
| #define PACKAGE_VERSION "1.16.0"
| #define PACKAGE_STRING "libconfini 1.16.0"
| #define PACKAGE_BUGREPORT "madmurphy333@gmail.com"
| #define PACKAGE_URL "https://madmurphy.github.io/libconfini"
| #define PACKAGE "libconfini"
| #define VERSION "1.16.0"
| #define STDC_HEADERS 1
| #define HAVE_SYS_TYPES_H 1
| #define HAVE_SYS_STAT_H 1
| #define HAVE_STDLIB_H 1
| #define HAVE_STRING_H 1
| #define HAVE_MEMORY_H 1
| #define HAVE_STRINGS_H 1
| #define HAVE_INTTYPES_H 1
| #define HAVE_STDINT_H 1
| #define HAVE_UNISTD_H 1
| /* end confdefs.h.  */
| #include <stdio.h>
| #ifdef HAVE_SYS_TYPES_H
| # include <sys/types.h>
| #endif
| #ifdef HAVE_SYS_STAT_H
| # include <sys/stat.h>
| #endif
| #ifdef STDC_HEADERS
| # include <stdlib.h>
| # include <stddef.h>
| #else
| # ifdef HAVE_STDLIB_H
| #  include <stdlib.h>
| # endif
| #endif
| #ifdef HAVE_STRING_H
| # if !defined STDC_HEADERS && defined HAVE_MEMORY_H
| #  include <memory.h>
| # endif
| # include <string.h>
| #endif
| #ifdef HAVE_STRINGS_H
| # include <strings.h>
| #endif
| #ifdef HAVE_INTTYPES_H
| # include <inttypes.h>
| #endif
| #ifdef HAVE_STDINT_H
| # include <stdint.h>
| #endif
| #ifdef HAVE_UNISTD_H
| # include <unistd.h>
| #endif
| int
| main ()
| {
| if (sizeof ((_Bool)))
| 	    return 0;
|   ;
|   return 0;
| }
configure:5255: result: yes
configure:5276: checking stddef.h usability
configure:5276: gcc -c -g -O2  conftest.c >&5
configure:5276: $? = 0
configure:5276: result: yes
configure:5276: checking stddef.h presence
configure:5276: gcc -E  conftest.c
configure:5276: $? = 0
configure:5276: result: yes
configure:5276: checking for stddef.h
configure:5276: result: yes
configure:5276: checking for stdint.h
configure:5276: result: yes
configure:5276: checking stdio.h usability
configure:5276: gcc -c -g -O2  conftest.c >&5
configure:5276: $? = 0
configure:5276: result: yes
configure:5276: checking stdio.h presence
configure:5276: gcc -E  conftest.c
configure:5276: $? = 0
configure:5276: result: yes
configure:5276: checking for stdio.h
configure:5276: result: yes
configure:5276: checking for stdlib.h
configure:5276: result: yes
configure:5287: checking for size_t
configure:5287: gcc -c -g -O2  conftest.c >&5
configure:5287: $? = 0
configure:5287: gcc -c -g -O2  conftest.c >&5
conftest.c: In function 'main':
conftest.c:63:21: error: expected expression before ')' token
 if (sizeof ((size_t)))
                     ^
configure:5287: $? = 1
configure: failed program was:
| /* confdefs.h */
| #define PACKAGE_NAME "libconfini"
| #define PACKAGE_TARNAME "libconfini"
| #define PACKAGE_VERSION "1.16.0"
| #define PACKAGE_STRING "libconfini 1.16.0"
| #define PACKAGE_BUGREPORT "madmurphy333@gmail.com"
| #define PACKAGE_URL "https://madmurphy.github.io/libconfini"
| #define PACKAGE "libconfini"
| #define VERSION "1.16.0"
| #define STDC_HEADERS 1
| #define HAVE_SYS_TYPES_H 1
| #define HAVE_SYS_STAT_H 1
| #define HAVE_STDLIB_H 1
| #define HAVE_STRING_H 1
| #define HAVE_MEMORY_H 1
| #define HAVE_STRINGS_H 1
| #define HAVE_INTTYPES_H 1
| #define HAVE_STDINT_H 1
| #define HAVE_UNISTD_H 1
| #define HAVE__BOOL 1
| #define HAVE_STDBOOL_H 1
| #define HAVE_STDDEF_H 1
| #define HAVE_STDINT_H 1
| #define HAVE_STDIO_H 1
| #define HAVE_STDLIB_H 1
| /* end confdefs.h.  */
| #include <stdio.h>
| #ifdef HAVE_SYS_TYPES_H
| # include <sys/types.h>
| #endif
| #ifdef HAVE_SYS_STAT_H
| # include <sys/stat.h>
| #endif
| #ifdef STDC_HEADERS
| # include <stdlib.h>
| # include <stddef.h>
| #else
| # ifdef HAVE_STDLIB_H
| #  include <stdlib.h>
| # endif
| #endif
| #ifdef HAVE_STRING_H
| # if !defined STDC_HEADERS && defined HAVE_MEMORY_H
| #  include <memory.h>
| # endif
| # include <string.h>
| #endif
| #ifdef HAVE_STRINGS_H
| # include <strings.h>
| #endif
| #ifdef HAVE_INTTYPES_H
| # include <inttypes.h>
| #endif
| #ifdef HAVE_STDINT_H
| # include <stdint.h>
| #endif
| #ifdef HAVE_UNISTD_H
| # include <unistd.h>
| #endif
| int
| main ()
| {
| if (sizeof ((size_t)))
| 	    return 0;
|   ;
|   return 0;
| }
configure:5287: result: yes
configure:5301: checking for stdlib.h
configure:5301: result: yes
configure:5311: checking for GNU libc compatible malloc
configure:5335: gcc -o conftest -g -O2   conftest.c  >&5
configure:5335: $? = 0
configure:5335: ./conftest
configure:5335: $? = 0
configure:5345: result: yes
configure:5368: checking whether we have POSIX
configure:5401: result: yes
configure:5993: checking for find
configure:6011: found /usr/bin/find
configure:6023: result: /usr/bin/find
configure:6385: checking how to print strings
configure:6412: result: printf
configure:6433: checking for a sed that does not truncate output
configure:6497: result: /bin/sed
configure:6515: checking for fgrep
configure:6577: result: /bin/grep -F
configure:6612: checking for ld used by gcc
configure:6679: result: /usr/bin/ld
configure:6686: checking if the linker (/usr/bin/ld) is GNU ld
configure:6701: result: yes
configure:6713: checking for BSD- or MS-compatible name lister (nm)
configure:6767: result: /usr/bin/nm -B
configure:6897: checking the name lister (/usr/bin/nm -B) interface
configure:6904: gcc -c   conftest.c >&5
configure:6907: /usr/bin/nm -B "conftest.o"
configure:6910: output
0000000000000000 B some_variable
configure:6917: result: BSD nm
configure:6921: checking the maximum length of command line arguments
configure:7052: result: 1572864
configure:7100: checking how to convert x86_64-pc-linux-gnu file names to x86_64-pc-linux-gnu format
configure:7140: result: func_convert_file_noop
configure:7147: checking how to convert x86_64-pc-linux-gnu file names to toolchain format
configure:7167: result: func_convert_file_noop
configure:7174: checking for /usr/bin/ld option to reload object files
configure:7181: result: -r
configure:7255: checking for objdump
configure:7271: found /usr/bin/objdump
configure:7282: result: objdump
configure:7311: checking how to recognize dependent libraries
configure:7511: result: pass_all
configure:7596: checking for dlltool
configure:7626: result: no
configure:7653: checking how to associate runtime and link libraries
configure:7680: result: printf %s\n
configure:7740: checking for ar
configure:7756: found /usr/bin/ar
configure:7767: result: ar
configure:7804: checking for archiver @FILE support
configure:7821: gcc -c   conftest.c >&5
configure:7821: $? = 0
configure:7824: ar cru libconftest.a @conftest.lst >&5
ar: `u' modifier ignored since `D' is the default (see `U')
configure:7827: $? = 0
configure:7832: ar cru libconftest.a @conftest.lst >&5
ar: `u' modifier ignored since `D' is the default (see `U')
ar: conftest.o: No such file or directory
configure:7835: $? = 1
configure:7847: result: @
configure:7905: checking for strip
configure:7921: found /usr/bin/strip
configure:7932: result: strip
configure:8004: checking for ranlib
configure:8020: found /usr/bin/ranlib
configure:8031: result: ranlib
configure:8133: checking command to parse /usr/bin/nm -B output from gcc object
configure:8286: gcc -c   conftest.c >&5
configure:8289: $? = 0
configure:8293: /usr/bin/nm -B conftest.o \| sed -n -e 's/^.*[ ]\([ABCDGIRSTW][ABCDGIRSTW]*\)[ ][ ]*\([_A-Za-z][_A-Za-z0-9]*\)$/\1 \2 \2/p' | sed '/ __gnu_lto/d' \> conftest.nm
configure:8296: $? = 0
configure:8362: gcc -o conftest    conftest.c conftstm.o >&5
configure:8365: $? = 0
configure:8403: result: ok
configure:8450: checking for sysroot
configure:8480: result: no
configure:8487: checking for a working dd
configure:8525: result: /bin/dd
configure:8529: checking how to truncate binary pipes
configure:8544: result: /bin/dd bs=4096 count=1
configure:8680: gcc -c   conftest.c >&5
configure:8683: $? = 0
configure:8873: checking for mt
configure:8889: found /bin/mt
configure:8900: result: mt
configure:8923: checking if mt is a manifest tool
configure:8929: mt '-?'
configure:8937: result: no
configure:9611: checking for dlfcn.h
configure:9611: gcc -c   conftest.c >&5
configure:9611: $? = 0
configure:9611: result: yes
configure:10165: checking for objdir
configure:10180: result: .libs
configure:10444: checking if gcc supports -fno-rtti -fno-exceptions
configure:10462: gcc -c   -fno-rtti -fno-exceptions conftest.c >&5
cc1: warning: command line option '-fno-rtti' is valid for C++/ObjC++ but not for C
configure:10466: $? = 0
configure:10479: result: no
configure:10837: checking for gcc option to produce PIC
configure:10844: result: -fPIC -DPIC
configure:10852: checking if gcc PIC flag -fPIC -DPIC works
configure:10870: gcc -c   -fPIC -DPIC -DPIC conftest.c >&5
configure:10874: $? = 0
configure:10887: result: yes
configure:10916: checking if gcc static flag -static works
configure:10944: result: yes
configure:10959: checking if gcc supports -c -o file.o
configure:10980: gcc -c   -o out/conftest2.o conftest.c >&5
configure:10984: $? = 0
configure:11006: result: yes
configure:11014: checking if gcc supports -c -o file.o
configure:11061: result: yes
configure:11094: checking whether the gcc linker (/usr/bin/ld -m elf_x86_64) supports shared libraries
configure:12357: result: yes
configure:12394: checking whether -lc should be explicitly linked in
configure:12402: gcc -c   conftest.c >&5
configure:12405: $? = 0
configure:12420: gcc -shared  -fPIC -DPIC conftest.o  -v -Wl,-soname -Wl,conftest -o conftest 2\>\&1 \| /bin/grep  -lc  \>/dev/null 2\>\&1
configure:12423: $? = 0
configure:12437: result: no
configure:12597: checking dynamic linker characteristics
configure:13178: gcc -o conftest    -Wl,-rpath -Wl,/foo conftest.c  >&5
configure:13178: $? = 0
configure:13427: result: GNU/Linux ld.so
configure:13549: checking how to hardcode library paths into programs
configure:13574: result: immediate
configure:14122: checking whether stripping libraries is possible
configure:14127: result: yes
configure:14162: checking if libtool supports shared libraries
configure:14164: result: yes
configure:14167: checking whether to build shared libraries
configure:14192: result: yes
configure:14195: checking whether to build static libraries
configure:14199: result: yes
configure:14813: checking that generated files are newer than configure
configure:14819: result: done
configure:14910: creating ./config.status

## ---------------------- ##
## Running config.status. ##
## ---------------------- ##

This file was extended by libconfini config.status 1.16.0, which was
generated by GNU Autoconf 2.69.  Invocation command line was

  CONFIG_FILES    = 
  CONFIG_HEADERS  = 
  CONFIG_LINKS    = 
  CONFIG_COMMANDS = 
  $ ./config.status 

on totoro

config.status:1194: creating Makefile
config.status:1194: creating src/libconfini.pc
config.status:1194: creating src/Makefile
config.status:1194: creating tests/Makefile
config.status:1378: linking INSTALL to help/INSTALL.md
config.status:1397: executing depfiles commands
config.status:1397: executing libtool commands
configure:17419: all done, launch `make help` to list the commonly used targets.

## ---------------- ##
## Cache variables. ##
## ---------------- ##

ac_cv_build=x86_64-pc-linux-gnu
ac_cv_c_compiler_gnu=yes
ac_cv_c_inline=inline
ac_cv_env_CC_set=
ac_cv_env_CC_value=
ac_cv_env_CFLAGS_set=
ac_cv_env_CFLAGS_value=
ac_cv_env_CPPFLAGS_set=
ac_cv_env_CPPFLAGS_value=
ac_cv_env_CPP_set=
ac_cv_env_CPP_value=
ac_cv_env_FIND_set=
ac_cv_env_FIND_value=
ac_cv_env_LDFLAGS_set=
ac_cv_env_LDFLAGS_value=
ac_cv_env_LIBS_set=
ac_cv_env_LIBS_value=
ac_cv_env_LT_SYS_LIBRARY_PATH_set=
ac_cv_env_LT_SYS_LIBRARY_PATH_value=
ac_cv_env_RCFLAGS_set=
ac_cv_env_RCFLAGS_value=
ac_cv_env_RC_set=
ac_cv_env_RC_value=
ac_cv_env_TESTS_PRINTF_FUNCTION_set=
ac_cv_env_TESTS_PRINTF_FUNCTION_value=
ac_cv_env_TESTS_PRINTF_HEADER_set=
ac_cv_env_TESTS_PRINTF_HEADER_value=
ac_cv_env_build_alias_set=
ac_cv_env_build_alias_value=
ac_cv_env_host_alias_set=
ac_cv_env_host_alias_value=
ac_cv_env_target_alias_set=
ac_cv_env_target_alias_value=
ac_cv_func_malloc_0_nonnull=yes
ac_cv_have_posix_c=yes
ac_cv_header_dlfcn_h=yes
ac_cv_header_inttypes_h=yes
ac_cv_header_memory_h=yes
ac_cv_header_stdbool_h=yes
ac_cv_header_stdc=yes
ac_cv_header_stddef_h=yes
ac_cv_header_stdint_h=yes
ac_cv_header_stdio_h=yes
ac_cv_header_stdlib_h=yes
ac_cv_header_string_h=yes
ac_cv_header_strings_h=yes
ac_cv_header_sys_stat_h=yes
ac_cv_header_sys_types_h=yes
ac_cv_header_unistd_h=yes
ac_cv_host=x86_64-pc-linux-gnu
ac_cv_objext=o
ac_cv_path_EGREP='/bin/grep -E'
ac_cv_path_FGREP='/bin/grep -F'
ac_cv_path_FIND=/usr/bin/find
ac_cv_path_GREP=/bin/grep
ac_cv_path_SED=/bin/sed
ac_cv_path_install='/usr/bin/install -c'
ac_cv_path_lt_DD=/bin/dd
ac_cv_path_mkdir=/bin/mkdir
ac_cv_prog_AWK=mawk
ac_cv_prog_CPP='gcc -E'
ac_cv_prog_ac_ct_AR=ar
ac_cv_prog_ac_ct_CC=gcc
ac_cv_prog_ac_ct_MANIFEST_TOOL=mt
ac_cv_prog_ac_ct_OBJDUMP=objdump
ac_cv_prog_ac_ct_RANLIB=ranlib
ac_cv_prog_ac_ct_STRIP=strip
ac_cv_prog_cc_c89=
ac_cv_prog_cc_c99=
ac_cv_prog_cc_g=yes
ac_cv_prog_make_make_set=yes
ac_cv_type__Bool=yes
ac_cv_type_size_t=yes
am_cv_CC_dependencies_compiler_type=gcc3
am_cv_make_support_nested_variables=yes
am_cv_prog_cc_c_o=yes
lt_cv_ar_at_file=@
lt_cv_archive_cmds_need_lc=no
lt_cv_deplibs_check_method=pass_all
lt_cv_file_magic_cmd='$MAGIC_CMD'
lt_cv_file_magic_test_file=
lt_cv_ld_reload_flag=-r
lt_cv_nm_interface='BSD nm'
lt_cv_objdir=.libs
lt_cv_path_LD=/usr/bin/ld
lt_cv_path_NM='/usr/bin/nm -B'
lt_cv_path_mainfest_tool=no
lt_cv_prog_compiler_c_o=yes
lt_cv_prog_compiler_pic='-fPIC -DPIC'
lt_cv_prog_compiler_pic_works=yes
lt_cv_prog_compiler_rtti_exceptions=no
lt_cv_prog_compiler_static_works=yes
lt_cv_prog_gnu_ld=yes
lt_cv_sharedlib_from_linklib_cmd='printf %s\n'
lt_cv_shlibpath_overrides_runpath=yes
lt_cv_sys_global_symbol_pipe='sed -n -e '\''s/^.*[	 ]\([ABCDGIRSTW][ABCDGIRSTW]*\)[	 ][	 ]*\([_A-Za-z][_A-Za-z0-9]*\)$/\1 \2 \2/p'\'' | sed '\''/ __gnu_lto/d'\'''
lt_cv_sys_global_symbol_to_c_name_address='sed -n -e '\''s/^: \(.*\) .*$/  {"\1", (void *) 0},/p'\'' -e '\''s/^[ABCDGIRSTW][ABCDGIRSTW]* .* \(.*\)$/  {"\1", (void *) \&\1},/p'\'''
lt_cv_sys_global_symbol_to_c_name_address_lib_prefix='sed -n -e '\''s/^: \(.*\) .*$/  {"\1", (void *) 0},/p'\'' -e '\''s/^[ABCDGIRSTW][ABCDGIRSTW]* .* \(lib.*\)$/  {"\1", (void *) \&\1},/p'\'' -e '\''s/^[ABCDGIRSTW][ABCDGIRSTW]* .* \(.*\)$/  {"lib\1", (void *) \&\1},/p'\'''
lt_cv_sys_global_symbol_to_cdecl='sed -n -e '\''s/^T .* \(.*\)$/extern int \1();/p'\'' -e '\''s/^[ABCDGIRSTW][ABCDGIRSTW]* .* \(.*\)$/extern char \1;/p'\'''
lt_cv_sys_global_symbol_to_import=
lt_cv_sys_max_cmd_len=1572864
lt_cv_to_host_file_cmd=func_convert_file_noop
lt_cv_to_tool_file_cmd=func_convert_file_noop
lt_cv_truncate_bin='/bin/dd bs=4096 count=1'

## ----------------- ##
## Output variables. ##
## ----------------- ##

ACLOCAL='${SHELL} /home/laurine/Documents/IMAC2/OpenGL/IMAC-OpenGL-3D/lib/confini/build-aux/missing aclocal-1.15'
AMDEPBACKSLASH='\'
AMDEP_FALSE='#'
AMDEP_TRUE=''
AMTAR='$${TAR-tar}'
AM_BACKSLASH='\'
AM_DEFAULT_V='$(AM_DEFAULT_VERBOSITY)'
AM_DEFAULT_VERBOSITY='0'
AM_V='$(V)'
AR='ar'
AS='as'
AUTHOR_MODE_FALSE=''
AUTHOR_MODE_TRUE='#'
AUTOCONF='${SHELL} /home/laurine/Documents/IMAC2/OpenGL/IMAC-OpenGL-3D/lib/confini/build-aux/missing autoconf'
AUTOHEADER='${SHELL} /home/laurine/Documents/IMAC2/OpenGL/IMAC-OpenGL-3D/lib/confini/build-aux/missing autoheader'
AUTOMAKE='${SHELL} /home/laurine/Documents/IMAC2/OpenGL/IMAC-OpenGL-3D/lib/confini/build-aux/missing automake-1.15'
AWK='mawk'
CC='gcc'
CCDEPMODE='depmode=gcc3'
CFLAGS=''
CPP='gcc -E'
CPPFLAGS=''
CYGPATH_W='echo'
DEFS='-DPACKAGE_NAME=\"libconfini\" -DPACKAGE_TARNAME=\"libconfini\" -DPACKAGE_VERSION=\"1.16.0\" -DPACKAGE_STRING=\"libconfini\ 1.16.0\" -DPACKAGE_BUGREPORT=\"madmurphy333@gmail.com\" -DPACKAGE_URL=\"https://madmurphy.github.io/libconfini\" -DPACKAGE=\"libconfini\" -DVERSION=\"1.16.0\" -DSTDC_HEADERS=1 -DHAVE_SYS_TYPES_H=1 -DHAVE_SYS_STAT_H=1 -DHAVE_STDLIB_H=1 -DHAVE_STRING_H=1 -DHAVE_MEMORY_H=1 -DHAVE_STRINGS_H=1 -DHAVE_INTTYPES_H=1 -DHAVE_STDINT_H=1 -DHAVE_UNISTD_H=1 -DHAVE__BOOL=1 -DHAVE_STDBOOL_H=1 -DHAVE_STDDEF_H=1 -DHAVE_STDINT_H=1 -DHAVE_STDIO_H=1 -DHAVE_STDLIB_H=1 -DHAVE_STDLIB_H=1 -DHAVE_MALLOC=1 -DHAVE_DLFCN_H=1 -DLT_OBJDIR=\".libs/\"'
DEPDIR='.deps'
DLLTOOL='false'
DSYMUTIL=''
DUMPBIN=''
ECHO_C=''
ECHO_N='-n'
ECHO_T=''
EGREP='/bin/grep -E'
EXEEXT=''
FGREP='/bin/grep -F'
FIND='/usr/bin/find'
GIT_HTTP_SERVER='https://github.com'
GREP='/bin/grep'
HAVE_DLLTOOL_FALSE=''
HAVE_DLLTOOL_TRUE='#'
HAVE_EXTENDED_CONFIG_FALSE=''
HAVE_EXTENDED_CONFIG_TRUE='#'
HAVE_RC_FALSE=''
HAVE_RC_TRUE='#'
HAVE_TRANSFORMATIONS_FALSE=''
HAVE_TRANSFORMATIONS_TRUE='#'
HAVE_UPDATES_FALSE=''
HAVE_UPDATES_TRUE='#'
IMPLEMENTATION_NUM='0'
INSTALL_DATA='${INSTALL} -m 644'
INSTALL_PROGRAM='${INSTALL}'
INSTALL_SCRIPT='${INSTALL}'
INSTALL_STRIP_PROGRAM='$(install_sh) -c -s'
INTERFACES_SUPPORTED='5'
INTERFACE_NUM='5'
LD='/usr/bin/ld -m elf_x86_64'
LDFLAGS=''
LIBOBJS=''
LIBRARY_BINVERSION='0.5.0'
LIBS=''
LIBTOOL='$(SHELL) $(top_builddir)/libtool'
LICENSE_SPDX='GPL-3.0-or-later'
LICENSE_STRING='GNU General Public License, version 3 or any later version'
LIPO=''
LN_S='ln -s'
LTLIBOBJS=''
LT_SYS_LIBRARY_PATH=''
MAINT=''
MAINTAINER_MODE_FALSE='#'
MAINTAINER_MODE_TRUE=''
MAKEINFO='${SHELL} /home/laurine/Documents/IMAC2/OpenGL/IMAC-OpenGL-3D/lib/confini/build-aux/missing makeinfo'
MAN3PAGES=''
MANIFEST_TOOL=':'
MKDIR_P='/bin/mkdir -p'
MULTIVERSION_FALSE=''
MULTIVERSION_TRUE='#'
NATIVE_MSWIN_FALSE=''
NATIVE_MSWIN_TRUE='#'
NM='/usr/bin/nm -B'
NMEDIT=''
OBJDUMP='objdump'
OBJEXT='o'
OTOOL64=''
OTOOL=''
PACKAGE='libconfini'
PACKAGE_BUGREPORT='madmurphy333@gmail.com'
PACKAGE_CONFNAME='libconfini'
PACKAGE_LOCALNAME='libconfini'
PACKAGE_NAME='libconfini'
PACKAGE_STRING='libconfini 1.16.0'
PACKAGE_TARNAME='libconfini'
PACKAGE_URL='https://madmurphy.github.io/libconfini'
PACKAGE_VERSION='1.16.0'
PATH_SEPARATOR=':'
PLATFORM_MSWIN_FALSE=''
PLATFORM_MSWIN_TRUE='#'
PROJECT_CONFNAME='confini'
PROJECT_DESCRIPTION='Yet another INI parser'
PROJECT_EFFVER='1.16'
PROJECT_LOCALNAME='confini'
PROJECT_MAJVER='1'
PROJECT_MINVER='16'
PROJECT_NAME='confini'
PROJECT_REVVER='0'
PUBLISHER_ID='madmurphy'
PUBLISHER_NAME='Stefano Gioffré'
RANLIB='ranlib'
RC=''
RCFLAGS=''
RENAME_PACKAGE_FALSE=''
RENAME_PACKAGE_TRUE='#'
REVISE_LIBC_FALSE=''
REVISE_LIBC_TRUE='#'
SED='/bin/sed'
SET_MAKE=''
SHELL='/bin/bash'
SKIP_VERSIONING_FALSE=''
SKIP_VERSIONING_TRUE='#'
STRIP='strip'
TESTSONLY_CPPFLAGS=''
TESTS_PRINTF_FUNCTION=''
TESTS_PRINTF_HEADER=''
VERSION='1.16.0'
WANT_BAREMETAL_FALSE=''
WANT_BAREMETAL_TRUE='#'
WANT_DEVEL_FALSE='#'
WANT_DEVEL_TRUE=''
WANT_DLLEXP_FALSE=''
WANT_DLLEXP_TRUE='#'
WANT_DOC_FALSE=''
WANT_DOC_TRUE='#'
WANT_EXAMPLES_FALSE=''
WANT_EXAMPLES_TRUE='#'
WANT_HTML_FALSE=''
WANT_HTML_TRUE='#'
WANT_MAN_FALSE=''
WANT_MAN_TRUE='#'
ac_ct_AR='ar'
ac_ct_CC='gcc'
ac_ct_DUMPBIN=''
am__EXEEXT_FALSE=''
am__EXEEXT_TRUE='#'
am__fastdepCC_FALSE='#'
am__fastdepCC_TRUE=''
am__include='include'
am__isrc=''
am__leading_dot='.'
am__nodep='_no'
am__quote=''
am__tar='$${TAR-tar} chof - "$$tardir"'
am__untar='$${TAR-tar} xf -'
bindir='${exec_prefix}/bin'
build='x86_64-pc-linux-gnu'
build_alias=''
build_cpu='x86_64'
build_os='linux-gnu'
build_vendor='pc'
confini_baremetal_c_recipe='$(MKDIR_P) '\''$(@D)'\'' && { echo '\''Creating $@...'\''; sed '\''/!\s*END_EXCEPTION\s*(CONFINI_C_METADATA)\s*!/{r '\''"$(top_srcdir)/dev/hackings/all/confini-metadata.c"$$'\''\n};/!\s*ENTRY_POINT\s*(CONFINI_C_METADATA)\s*!/{r '\''"$(top_srcdir)/dev/hackings/all/confini-metadata.c"$$'\''\n};/!\s*START_EXCEPTION\s*(CONFINI_C_METADATA)\s*!/,/!\s*END_EXCEPTION\s*(CONFINI_C_METADATA)\s*!/{d};/!\s*START_EXCEPTION\s*(CONFINI_C_METADATA)\s*!/{d};'\'''\''/!\s*START_EXCEPTION\s*(IO_FLAVORS)\s*!/,/!\s*END_EXCEPTION\s*(IO_FLAVORS)\s*!/{d};/!\s*START_EXCEPTION\s*(IO_FLAVORS)\s*!/{d};'\'''\''/!\s*START_EXCEPTION\s*(STANDARD_HEADERS)\s*!/,/!\s*END_EXCEPTION\s*(STANDARD_HEADERS)\s*!/{d};/!\s*START_EXCEPTION\s*(STANDARD_HEADERS)\s*!/{d};'\'''\''/!\s*END_EXCEPTION\s*(CONFINI_HEADER)\s*!/{r '\''"$(top_srcdir)/dev/hackings/baremetal/confini-header.c"$$'\''\n};/!\s*ENTRY_POINT\s*(CONFINI_HEADER)\s*!/{r '\''"$(top_srcdir)/dev/hackings/baremetal/confini-header.c"$$'\''\n};/!\s*START_EXCEPTION\s*(CONFINI_HEADER)\s*!/,/!\s*END_EXCEPTION\s*(CONFINI_HEADER)\s*!/{d};/!\s*START_EXCEPTION\s*(CONFINI_HEADER)\s*!/{d};'\'''\''/!\s*START_EXCEPTION\s*(IO_ALIASES)\s*!/,/!\s*END_EXCEPTION\s*(IO_ALIASES)\s*!/{d};/!\s*START_EXCEPTION\s*(IO_ALIASES)\s*!/{d};'\'''\''/!\s*START_EXCEPTION\s*(IO_FUNCTIONS)\s*!/,/!\s*END_EXCEPTION\s*(IO_FUNCTIONS)\s*!/{d};/!\s*START_EXCEPTION\s*(IO_FUNCTIONS)\s*!/{d};'\'''\''/!\s*END_EXCEPTION\s*(LIBC_STR2NUM)\s*!/{r '\''"$(top_srcdir)/dev/hackings/baremetal/str2num.c"$$'\''\n};/!\s*ENTRY_POINT\s*(LIBC_STR2NUM)\s*!/{r '\''"$(top_srcdir)/dev/hackings/baremetal/str2num.c"$$'\''\n};/!\s*START_EXCEPTION\s*(LIBC_STR2NUM)\s*!/,/!\s*END_EXCEPTION\s*(LIBC_STR2NUM)\s*!/{d};/!\s*START_EXCEPTION\s*(LIBC_STR2NUM)\s*!/{d};'\'''\''/!\s*START_EXCEPTION\s*([^)]*)\s*!/{d};/!\s*END_EXCEPTION\s*([^)]*)\s*!/{d};/!\s*ENTRY_POINT\s*([^)]*)\s*!/{d};/!\s*START_OMISSION\s*!/,/!\s*END_OMISSION\s*!/{d}'\'' "$(top_srcdir)/dev/marked-sources/confini-marked.c" > "$@"; } ;'
confini_baremetal_h_recipe='$(MKDIR_P) '\''$(@D)'\'' && { echo '\''Creating $@...'\''; sed '\''/!\s*END_EXCEPTION\s*(CONFINI_H_METADATA)\s*!/{r '\''"$(top_srcdir)/dev/hackings/all/confini-metadata.h"$$'\''\n};/!\s*ENTRY_POINT\s*(CONFINI_H_METADATA)\s*!/{r '\''"$(top_srcdir)/dev/hackings/all/confini-metadata.h"$$'\''\n};/!\s*START_EXCEPTION\s*(CONFINI_H_METADATA)\s*!/,/!\s*END_EXCEPTION\s*(CONFINI_H_METADATA)\s*!/{d};/!\s*START_EXCEPTION\s*(CONFINI_H_METADATA)\s*!/{d};'\'''\''/!\s*END_EXCEPTION\s*(STANDARD_HEADERS)\s*!/{r '\''"$(top_builddir)/no-dist/hackings/baremetal/c-standard-library.h"$$'\''\n};/!\s*ENTRY_POINT\s*(STANDARD_HEADERS)\s*!/{r '\''"$(top_builddir)/no-dist/hackings/baremetal/c-standard-library.h"$$'\''\n};/!\s*START_EXCEPTION\s*(STANDARD_HEADERS)\s*!/,/!\s*END_EXCEPTION\s*(STANDARD_HEADERS)\s*!/{d};/!\s*START_EXCEPTION\s*(STANDARD_HEADERS)\s*!/{d};'\'''\''/!\s*START_EXCEPTION\s*(IO_FUNCTIONS)\s*!/,/!\s*END_EXCEPTION\s*(IO_FUNCTIONS)\s*!/{d};/!\s*START_EXCEPTION\s*(IO_FUNCTIONS)\s*!/{d};'\'''\''/!\s*END_EXCEPTION\s*(LIBC_STR2NUM)\s*!/{r '\''"$(top_srcdir)/dev/hackings/baremetal/str2num.h"$$'\''\n};/!\s*ENTRY_POINT\s*(LIBC_STR2NUM)\s*!/{r '\''"$(top_srcdir)/dev/hackings/baremetal/str2num.h"$$'\''\n};/!\s*START_EXCEPTION\s*(LIBC_STR2NUM)\s*!/,/!\s*END_EXCEPTION\s*(LIBC_STR2NUM)\s*!/{d};/!\s*START_EXCEPTION\s*(LIBC_STR2NUM)\s*!/{d};'\'''\''/!\s*START_EXCEPTION\s*([^)]*)\s*!/{d};/!\s*END_EXCEPTION\s*([^)]*)\s*!/{d};/!\s*ENTRY_POINT\s*([^)]*)\s*!/{d};/!\s*START_OMISSION\s*!/,/!\s*END_OMISSION\s*!/{d}'\'' "$(top_srcdir)/dev/marked-sources/confini-marked.h" > "$@"; } ;'
confini_c_recipe='{ echo '\''Creating $@...'\''; sed '\''/!\s*END_EXCEPTION\s*(CONFINI_C_METADATA)\s*!/{r '\''"$(top_srcdir)/dev/hackings/all/confini-metadata.c"$$'\''\n};/!\s*ENTRY_POINT\s*(CONFINI_C_METADATA)\s*!/{r '\''"$(top_srcdir)/dev/hackings/all/confini-metadata.c"$$'\''\n};/!\s*START_EXCEPTION\s*(CONFINI_C_METADATA)\s*!/,/!\s*END_EXCEPTION\s*(CONFINI_C_METADATA)\s*!/{d};/!\s*START_EXCEPTION\s*(CONFINI_C_METADATA)\s*!/{d};'\'''\''/!\s*START_EXCEPTION\s*([^)]*)\s*!/{d};/!\s*END_EXCEPTION\s*([^)]*)\s*!/{d};/!\s*ENTRY_POINT\s*([^)]*)\s*!/{d};/!\s*START_OMISSION\s*!/,/!\s*END_OMISSION\s*!/{d}'\'' "$(top_srcdir)/dev/marked-sources/confini-marked.c" > "$@"; };'
confini_h_recipe='{ echo '\''Creating $@...'\''; sed '\''/!\s*END_EXCEPTION\s*(CONFINI_H_METADATA)\s*!/{r '\''"$(top_srcdir)/dev/hackings/all/confini-metadata.h"$$'\''\n};/!\s*ENTRY_POINT\s*(CONFINI_H_METADATA)\s*!/{r '\''"$(top_srcdir)/dev/hackings/all/confini-metadata.h"$$'\''\n};/!\s*START_EXCEPTION\s*(CONFINI_H_METADATA)\s*!/,/!\s*END_EXCEPTION\s*(CONFINI_H_METADATA)\s*!/{d};/!\s*START_EXCEPTION\s*(CONFINI_H_METADATA)\s*!/{d};'\'''\''/!\s*START_EXCEPTION\s*([^)]*)\s*!/{d};/!\s*END_EXCEPTION\s*([^)]*)\s*!/{d};/!\s*ENTRY_POINT\s*([^)]*)\s*!/{d};/!\s*START_OMISSION\s*!/,/!\s*END_OMISSION\s*!/{d}'\'' "$(top_srcdir)/dev/marked-sources/confini-marked.h" > "$@"; };'
confnewdir='confnew'
datadir='${datarootdir}'
datarootdir='${prefix}/share'
default_optimization='2'
docdir='/home/laurine/Documents/IMAC2/OpenGL/IMAC-OpenGL-3D/lib/confini/etc'
dvidir='${docdir}'
exec_prefix='${prefix}'
guessed_am_cflags='-g -O2'
host='x86_64-pc-linux-gnu'
host_alias=''
host_cpu='x86_64'
host_cpu_pretty='x86-64'
host_os='linux-gnu'
host_vendor='pc'
htmldir='${docdir}'
includedir='/home/laurine/Documents/IMAC2/OpenGL/IMAC-OpenGL-3D/lib/confini/../../include'
infodir='${datarootdir}/info'
install_sh='${SHELL} /home/laurine/Documents/IMAC2/OpenGL/IMAC-OpenGL-3D/lib/confini/build-aux/install-sh'
libdir='/home/laurine/Documents/IMAC2/OpenGL/IMAC-OpenGL-3D/lib/confini'
libexecdir='${exec_prefix}/libexec'
library_headername='confini'
localedir='${datarootdir}/locale'
localstatedir='${prefix}/var'
lt_cv_objdir='.libs'
mandir='${datarootdir}/man'
mergenew_recipe='echo '\''Extended configuration is currently disabled.'\'''
mkdir_p='$(MKDIR_P)'
na_cppenv='$(_with_io_cppenv_)'
na_io_api='CONFINI_POSIX'
nonportfile='non-portable.h'
oldincludedir='/usr/include'
pdfdir='${docdir}'
pkgconfigdir='$(libdir)/pkgconfig'
prefix='/usr/local'
program_transform_name='s,x,x,'
psdir='${docdir}'
revision_clean_recipe=''
runstatedir='${localstatedir}/run'
rvdir='REVISEME'
sbindir='${exec_prefix}/sbin'
sharedstatedir='${prefix}/com'
sysconfdir='${prefix}/etc'
target_alias=''
transf_clean_recipe=''
transf_dist_recipe=''
transf_distclean_recipe=''

## ----------- ##
## confdefs.h. ##
## ----------- ##

/* confdefs.h */
#define PACKAGE_NAME "libconfini"
#define PACKAGE_TARNAME "libconfini"
#define PACKAGE_VERSION "1.16.0"
#define PACKAGE_STRING "libconfini 1.16.0"
#define PACKAGE_BUGREPORT "madmurphy333@gmail.com"
#define PACKAGE_URL "https://madmurphy.github.io/libconfini"
#define PACKAGE "libconfini"
#define VERSION "1.16.0"
#define STDC_HEADERS 1
#define HAVE_SYS_TYPES_H 1
#define HAVE_SYS_STAT_H 1
#define HAVE_STDLIB_H 1
#define HAVE_STRING_H 1
#define HAVE_MEMORY_H 1
#define HAVE_STRINGS_H 1
#define HAVE_INTTYPES_H 1
#define HAVE_STDINT_H 1
#define HAVE_UNISTD_H 1
#define HAVE__BOOL 1
#define HAVE_STDBOOL_H 1
#define HAVE_STDDEF_H 1
#define HAVE_STDINT_H 1
#define HAVE_STDIO_H 1
#define HAVE_STDLIB_H 1
#define HAVE_STDLIB_H 1
#define HAVE_MALLOC 1
#define HAVE_DLFCN_H 1
#define LT_OBJDIR ".libs/"

configure: exit 0
