Performing C SOURCE FILE Test CMAKE_HAVE_LIBC_PTHREAD failed with the following output:
Change Dir: /home/laurine/Documents/IMAC2/OpenGL/Marche/Reorganisation_Classes_Base3/cmake-build-debug/CMakeFiles/CMakeTmp

Run Build Command(s):/usr/bin/make cmTC_7e4b9/fast && /usr/bin/make  -f CMakeFiles/cmTC_7e4b9.dir/build.make CMakeFiles/cmTC_7e4b9.dir/build
make[1] : on entre dans le répertoire « /home/laurine/Documents/IMAC2/OpenGL/Marche/Reorganisation_Classes_Base3/cmake-build-debug/CMakeFiles/CMakeTmp »
Building C object CMakeFiles/cmTC_7e4b9.dir/src.c.o
/usr/bin/cc   -DCMAKE_HAVE_LIBC_PTHREAD   -o CMakeFiles/cmTC_7e4b9.dir/src.c.o   -c /home/laurine/Documents/IMAC2/OpenGL/Marche/Reorganisation_Classes_Base3/cmake-build-debug/CMakeFiles/CMakeTmp/src.c
Linking C executable cmTC_7e4b9
/snap/clion/137/bin/cmake/linux/bin/cmake -E cmake_link_script CMakeFiles/cmTC_7e4b9.dir/link.txt --verbose=1
/usr/bin/cc  -DCMAKE_HAVE_LIBC_PTHREAD    -rdynamic CMakeFiles/cmTC_7e4b9.dir/src.c.o  -o cmTC_7e4b9 
CMakeFiles/cmTC_7e4b9.dir/src.c.o : Dans la fonction « main » :
src.c:(.text+0x3e) : référence indéfinie vers « pthread_create »
src.c:(.text+0x4a) : référence indéfinie vers « pthread_detach »
src.c:(.text+0x56) : référence indéfinie vers « pthread_cancel »
src.c:(.text+0x67) : référence indéfinie vers « pthread_join »
src.c:(.text+0x7b) : référence indéfinie vers « pthread_atfork »
collect2: error: ld returned 1 exit status
CMakeFiles/cmTC_7e4b9.dir/build.make:106: recipe for target 'cmTC_7e4b9' failed
make[1]: *** [cmTC_7e4b9] Error 1
make[1] : on quitte le répertoire « /home/laurine/Documents/IMAC2/OpenGL/Marche/Reorganisation_Classes_Base3/cmake-build-debug/CMakeFiles/CMakeTmp »
Makefile:141: recipe for target 'cmTC_7e4b9/fast' failed
make: *** [cmTC_7e4b9/fast] Error 2


Source file was:
#include <pthread.h>

void* test_func(void* data)
{
  return data;
}

int main(void)
{
  pthread_t thread;
  pthread_create(&thread, NULL, test_func, NULL);
  pthread_detach(thread);
  pthread_cancel(thread);
  pthread_join(thread, NULL);
  pthread_atfork(NULL, NULL, NULL);
  pthread_exit(NULL);

  return 0;
}

Determining if the function pthread_create exists in the pthreads failed with the following output:
Change Dir: /home/laurine/Documents/IMAC2/OpenGL/Marche/Reorganisation_Classes_Base3/cmake-build-debug/CMakeFiles/CMakeTmp

Run Build Command(s):/usr/bin/make cmTC_6f9ab/fast && /usr/bin/make  -f CMakeFiles/cmTC_6f9ab.dir/build.make CMakeFiles/cmTC_6f9ab.dir/build
make[1] : on entre dans le répertoire « /home/laurine/Documents/IMAC2/OpenGL/Marche/Reorganisation_Classes_Base3/cmake-build-debug/CMakeFiles/CMakeTmp »
Building C object CMakeFiles/cmTC_6f9ab.dir/CheckFunctionExists.c.o
/usr/bin/cc   -DCHECK_FUNCTION_EXISTS=pthread_create   -o CMakeFiles/cmTC_6f9ab.dir/CheckFunctionExists.c.o   -c /snap/clion/137/bin/cmake/linux/share/cmake-3.17/Modules/CheckFunctionExists.c
Linking C executable cmTC_6f9ab
/snap/clion/137/bin/cmake/linux/bin/cmake -E cmake_link_script CMakeFiles/cmTC_6f9ab.dir/link.txt --verbose=1
/usr/bin/cc  -DCHECK_FUNCTION_EXISTS=pthread_create    -rdynamic CMakeFiles/cmTC_6f9ab.dir/CheckFunctionExists.c.o  -o cmTC_6f9ab  -lpthreads 
/usr/bin/ld : ne peut trouver -lpthreads
collect2: error: ld returned 1 exit status
CMakeFiles/cmTC_6f9ab.dir/build.make:106: recipe for target 'cmTC_6f9ab' failed
make[1]: *** [cmTC_6f9ab] Error 1
make[1] : on quitte le répertoire « /home/laurine/Documents/IMAC2/OpenGL/Marche/Reorganisation_Classes_Base3/cmake-build-debug/CMakeFiles/CMakeTmp »
Makefile:141: recipe for target 'cmTC_6f9ab/fast' failed
make: *** [cmTC_6f9ab/fast] Error 2



